INFO:sim:172 - Generating IP...
Applying current project options...
Finished applying current project options.
WARNING:sim - A core named 'pll_27M' already exists in the project. Output
   products for this core may be overwritten.
Resolving generics for 'pll_27M'...
WARNING:sim - A core named 'pll_27M' already exists in the project. Output
   products for this core may be overwritten.
Applying external generics to 'pll_27M'...
Delivering associated files for 'pll_27M'...
WARNING:sim - Component clk_wiz_v3_6 does not have a valid model name for VHDL
   synthesis
Delivering EJava files for 'pll_27M'...
Delivered 3 files into directory
/home/ise/vmshare/collectorvision-phoenix-2600/collectorvision/cvAtari2600/ipcor
e_dir/tmp/_cg/pll_27M
Delivered 1 file into directory
/home/ise/vmshare/collectorvision-phoenix-2600/collectorvision/cvAtari2600/ipcor
e_dir/tmp/_cg/pll_27M
Generating ASY schematic symbol...
Loading device for application Rf_Device from file '6slx16.nph' in environment
/opt/Xilinx/14.7/ISE_DS/ISE/.
INFO:sim:949 - Finished generation of ASY schematic symbol.
Generating SYM schematic symbol for 'pll_27M'...
Generating ISE project...
XCO file found: pll_27M.xco
XMDF file found: pll_27M_xmdf.tcl
Adding
/home/ise/vmshare/collectorvision-phoenix-2600/collectorvision/cvAtari2600/ipcor
e_dir/tmp/_cg/pll_27M.asy -view all -origin_type imported
Adding
/home/ise/vmshare/collectorvision-phoenix-2600/collectorvision/cvAtari2600/ipcor
e_dir/tmp/_cg/pll_27M.ucf -view all -origin_type created
Adding
/home/ise/vmshare/collectorvision-phoenix-2600/collectorvision/cvAtari2600/ipcor
e_dir/tmp/_cg/pll_27M.vhd -view all -origin_type created
INFO:HDLCompiler:1061 - Parsing VHDL file
   "/home/ise/vmshare/collectorvision-phoenix-2600/collectorvision/cvAtari2600/i
   pcore_dir/tmp/_cg/pll_27M.vhd" into library work
INFO:ProjectMgmt - Parsing design hierarchy completed successfully.
Adding
/home/ise/vmshare/collectorvision-phoenix-2600/collectorvision/cvAtari2600/ipcor
e_dir/tmp/_cg/pll_27M.vho -view all -origin_type imported
INFO:TclTasksC:2116 - The automatic calculation of top has been turned-off.
   Please set the new top explicitly by running the "project set top" command.
   To re-calculate the new top automatically, set the "Auto Implementation Top"
   property to true.
Top level has been set to "/pll_27M"
Generating README file...
Generating FLIST file...
INFO:sim:948 - Finished FLIST file generation.
Launching README viewer...
Moving files to output directory...
Finished moving files to output directory
Wrote CGP file for project 'pll_27M'.
